INFO:     Will watch for changes in these directories: ['D:\\UPC\\2026\\Servicio IA\\Tesis-Vision']
INFO:     Uvicorn running on http://127.0.0.1:8000 (Press CTRL+C to quit)
INFO:     Started reloader process [13812] using WatchFiles
INFO:     Started server process [1292]
INFO:     Waiting for application startup.
INFO:     Application startup complete.
WARNING:  WatchFiles detected changes in 'app\core\exceptions.py'. Reloading...
INFO:     Shutting down
INFO:     Waiting for application shutdown.
INFO:     Application shutdown complete.
INFO:     Finished server process [1292]
WARNING:  WatchFiles detected changes in 'tests\test_api.py', 'app\services\image_utils.py', 'app\services\pipeline.py'. Reloading...
Exception ignored in: <function BaseEventLoop.__del__ at 0x00000245C968A7A0>
Traceback (most recent call last):
  File "C:\Program Files\Python311\Lib\asyncio\base_events.py", line 695, in __del__
    self.close()
  File "C:\Program Files\Python311\Lib\asyncio\selector_events.py", line 91, in close
    self._close_self_pipe()
  File "C:\Program Files\Python311\Lib\asyncio\selector_events.py", line 98, in _close_self_pipe
    self._remove_reader(self._ssock.fileno())
                        ^^^^^^^^^^^
AttributeError: '_WindowsSelectorEventLoop' object has no attribute '_ssock'
C:\Users\marcelo\AppData\Roaming\Python\Python311\site-packages\uvicorn\_subprocess.py:84: RuntimeWarning: coroutine 'Server.serve' was never awaited
  pass
RuntimeWarning: Enable tracemalloc to get the object allocation traceback
INFO:     Started server process [7312]
INFO:     Waiting for application startup.
INFO:     Application startup complete.
WARNING:  WatchFiles detected changes in 'app\services\image_utils.py'. Reloading...
INFO:     Shutting down
INFO:     Waiting for application shutdown.
INFO:     Application shutdown complete.
INFO:     Finished server process [7312]
WARNING:  WatchFiles detected changes in 'tests\test_api.py', 'app\services\image_utils.py', 'app\services\pipeline.py'. Reloading...
Exception ignored in: <function BaseEventLoop.__del__ at 0x000001231B18A7A0>
Traceback (most recent call last):
  File "C:\Program Files\Python311\Lib\asyncio\base_events.py", line 695, in __del__
    self.close()
  File "C:\Program Files\Python311\Lib\asyncio\selector_events.py", line 91, in close
    self._close_self_pipe()
  File "C:\Program Files\Python311\Lib\asyncio\selector_events.py", line 98, in _close_self_pipe
    self._remove_reader(self._ssock.fileno())
                        ^^^^^^^^^^^
AttributeError: '_WindowsSelectorEventLoop' object has no attribute '_ssock'
C:\Users\marcelo\AppData\Roaming\Python\Python311\site-packages\uvicorn\_subprocess.py:84: RuntimeWarning: coroutine 'Server.serve' was never awaited
  pass
RuntimeWarning: Enable tracemalloc to get the object allocation traceback
INFO:     Started server process [18836]
INFO:     Waiting for application startup.
INFO:     Application startup complete.
WARNING:  WatchFiles detected changes in 'tests\test_api.py'. Reloading...
INFO:     Shutting down
INFO:     Waiting for application shutdown.
INFO:     Application shutdown complete.
INFO:     Finished server process [18836]
WARNING:  WatchFiles detected changes in 'app\services\image_utils.py'. Reloading...
Exception ignored in: <function BaseEventLoop.__del__ at 0x000001B1CFDDA7A0>
Traceback (most recent call last):
  File "C:\Program Files\Python311\Lib\asyncio\base_events.py", line 695, in __del__
    self.close()
  File "C:\Program Files\Python311\Lib\asyncio\selector_events.py", line 91, in close
    self._close_self_pipe()
  File "C:\Program Files\Python311\Lib\asyncio\selector_events.py", line 98, in _close_self_pipe
    self._remove_reader(self._ssock.fileno())
                        ^^^^^^^^^^^
AttributeError: '_WindowsSelectorEventLoop' object has no attribute '_ssock'
C:\Users\marcelo\AppData\Roaming\Python\Python311\site-packages\uvicorn\_subprocess.py:84: RuntimeWarning: coroutine 'Server.serve' was never awaited
  pass
RuntimeWarning: Enable tracemalloc to get the object allocation traceback
INFO:     Started server process [19364]
INFO:     Waiting for application startup.
INFO:     Application startup complete.
WARNING:  WatchFiles detected changes in 'app\domain\catalog.py'. Reloading...
INFO:     Shutting down
INFO:     Waiting for application shutdown.
INFO:     Application shutdown complete.
INFO:     Finished server process [19364]
WARNING:  WatchFiles detected changes in 'app\domain\catalog.py', 'app\services\normalizer.py'. Reloading...
INFO:     Started server process [9812]
INFO:     Waiting for application startup.
INFO:     Application startup complete.
INFO:     Shutting down
INFO:     Waiting for application shutdown.
INFO:     Application shutdown complete.
INFO:     Finished server process [9812]
INFO:     Started server process [2596]
INFO:     Waiting for application startup.
INFO:     Application startup complete.
WARNING:  WatchFiles detected changes in 'app\services\normalizer.py'. Reloading...
INFO:     Shutting down
INFO:     Waiting for application shutdown.
INFO:     Application shutdown complete.
INFO:     Finished server process [2596]
WARNING:  WatchFiles detected changes in 'app\domain\catalog.py', 'tests\test_normalizer.py', 'app\services\normalizer.py'. Reloading...
INFO:     Started server process [12488]
INFO:     Waiting for application startup.
INFO:     Application startup complete.
INFO:     Shutting down
INFO:     Waiting for application shutdown.
INFO:     Application shutdown complete.
INFO:     Finished server process [12488]
INFO:     Started server process [26268]
INFO:     Waiting for application startup.
INFO:     Application startup complete.
WARNING:  WatchFiles detected changes in 'app\repositories\recognitions.py'. Reloading...
INFO:     Shutting down
INFO:     Waiting for application shutdown.
INFO:     Application shutdown complete.
INFO:     Finished server process [26268]
WARNING:  WatchFiles detected changes in 'tests\test_api.py', 'app\api\routes.py'. Reloading...
INFO:     Started server process [19472]
INFO:     Waiting for application startup.
INFO:     Application startup complete.
INFO:     Shutting down
INFO:     Waiting for application shutdown.
INFO:     Application shutdown complete.
INFO:     Finished server process [19472]
INFO:     Started server process [24716]
INFO:     Waiting for application startup.
INFO:     Application startup complete.
